# JRE version: OpenJDK Runtime Environment Temurin-17.0.6+10 (17.0.6+10) (build 17.0.6+10)
# Java VM: OpenJDK 64-Bit Server VM Temurin-17.0.6+10 (17.0.6+10, mixed mode, tiered, compressed oops, compressed class ptrs, g1 gc, windows-amd64)
GC Precious Log:
 CPUs: 2 total, 2 available
 Memory: 6109M
 Large Page Support: Disabled
 NUMA Support: Disabled
 Compressed Oops: Enabled (32-bit)
 Heap Region Size: 1M
 Heap Min Capacity: 8M
 Heap Initial Capacity: 96M
 Heap Max Capacity: 1528M
 Pre-touch: Disabled
 Parallel Workers: 2
 Concurrent Workers: 1
 Concurrent Refinement Workers: 2
 Periodic GC: Disabled
Heap:
 garbage-first heap   total 128000K, used 76561K [0x00000000a0800000, 0x0000000100000000)
  region size 1024K, 5 young (5120K), 2 survivors (2048K)
 Metaspace       used 16026K, committed 16256K, reserved 1064960K
  class space    used 1656K, committed 1792K, reserved 1048576K
GC Heap History (16 events):
Event: 0.757 GC heap before
{Heap before GC invocations=0 (full 0):
 garbage-first heap   total 98304K, used 3072K [0x00000000a0800000, 0x0000000100000000)
  region size 1024K, 4 young (4096K), 0 survivors (0K)
 Metaspace       used 10263K, committed 10368K, reserved 1064960K
  class space    used 984K, committed 1024K, reserved 1048576K
}
Event: 0.763 GC heap after
{Heap after GC invocations=1 (full 0):
 garbage-first heap   total 98304K, used 1319K [0x00000000a0800000, 0x0000000100000000)
  region size 1024K, 1 young (1024K), 1 survivors (1024K)
 Metaspace       used 10263K, committed 10368K, reserved 1064960K
  class space    used 984K, committed 1024K, reserved 1048576K
}
Event: 0.860 GC heap before
{Heap before GC invocations=1 (full 0):
 garbage-first heap   total 98304K, used 69927K [0x00000000a0800000, 0x0000000100000000)
  region size 1024K, 5 young (5120K), 1 survivors (1024K)
 Metaspace       used 10361K, committed 10496K, reserved 1064960K
  class space    used 990K, committed 1024K, reserved 1048576K
}
Event: 0.865 GC heap after
{Heap after GC invocations=2 (full 0):
 garbage-first heap   total 98304K, used 67062K [0x00000000a0800000, 0x0000000100000000)
  region size 1024K, 1 young (1024K), 1 survivors (1024K)
 Metaspace       used 10361K, committed 10496K, reserved 1064960K
  class space    used 990K, committed 1024K, reserved 1048576K
}
Event: 0.951 GC heap before
{Heap before GC invocations=2 (full 0):
 garbage-first heap   total 98304K, used 73206K [0x00000000a0800000, 0x0000000100000000)
  region size 1024K, 8 young (8192K), 1 survivors (1024K)
 Metaspace       used 10381K, committed 10496K, reserved 1064960K
  class space    used 990K, committed 1024K, reserved 1048576K
}
Event: 0.952 GC heap after
{Heap after GC invocations=3 (full 0):
 garbage-first heap   total 98304K, used 66914K [0x00000000a0800000, 0x0000000100000000)
  region size 1024K, 1 young (1024K), 1 survivors (1024K)
 Metaspace       used 10381K, committed 10496K, reserved 1064960K
  class space    used 990K, committed 1024K, reserved 1048576K
}
Event: 1.131 GC heap before
{Heap before GC invocations=4 (full 0):
 garbage-first heap   total 116736K, used 83298K [0x00000000a0800000, 0x0000000100000000)
  region size 1024K, 17 young (17408K), 1 survivors (1024K)
 Metaspace       used 10381K, committed 10496K, reserved 1064960K
  class space    used 990K, committed 1024K, reserved 1048576K
}
Event: 1.132 GC heap after
{Heap after GC invocations=5 (full 0):
 garbage-first heap   total 116736K, used 66878K [0x00000000a0800000, 0x0000000100000000)
  region size 1024K, 1 young (1024K), 1 survivors (1024K)
 Metaspace       used 10381K, committed 10496K, reserved 1064960K
  class space    used 990K, committed 1024K, reserved 1048576K
}
Event: 3.257 GC heap before
{Heap before GC invocations=5 (full 0):
 garbage-first heap   total 116736K, used 100670K [0x00000000a0800000, 0x0000000100000000)
  region size 1024K, 34 young (34816K), 1 survivors (1024K)
 Metaspace       used 10382K, committed 10496K, reserved 1064960K
  class space    used 992K, committed 1024K, reserved 1048576K
}
Event: 3.259 GC heap after
{Heap after GC invocations=6 (full 0):
 garbage-first heap   total 116736K, used 66869K [0x00000000a0800000, 0x0000000100000000)
  region size 1024K, 1 young (1024K), 1 survivors (1024K)
 Metaspace       used 10382K, committed 10496K, reserved 1064960K
  class space    used 992K, committed 1024K, reserved 1048576K
}
Event: 3.382 GC heap before
{Heap before GC invocations=7 (full 0):
 garbage-first heap   total 116736K, used 70965K [0x00000000a0800000, 0x0000000100000000)
  region size 1024K, 6 young (6144K), 1 survivors (1024K)
 Metaspace       used 10393K, committed 10496K, reserved 1064960K
  class space    used 994K, committed 1024K, reserved 1048576K
}
Event: 3.384 GC heap after
{Heap after GC invocations=8 (full 0):
 garbage-first heap   total 116736K, used 66923K [0x00000000a0800000, 0x0000000100000000)
  region size 1024K, 1 young (1024K), 1 survivors (1024K)
 Metaspace       used 10393K, committed 10496K, reserved 1064960K
  class space    used 994K, committed 1024K, reserved 1048576K
}
Event: 3.405 GC heap before
{Heap before GC invocations=9 (full 0):
 garbage-first heap   total 119808K, used 69995K [0x00000000a0800000, 0x0000000100000000)
  region size 1024K, 2 young (2048K), 1 survivors (1024K)
 Metaspace       used 10393K, committed 10496K, reserved 1064960K
  class space    used 994K, committed 1024K, reserved 1048576K
}
Event: 3.406 GC heap after
{Heap after GC invocations=10 (full 0):
 garbage-first heap   total 119808K, used 69999K [0x00000000a0800000, 0x0000000100000000)
  region size 1024K, 1 young (1024K), 1 survivors (1024K)
 Metaspace       used 10393K, committed 10496K, reserved 1064960K
  class space    used 994K, committed 1024K, reserved 1048576K
}
Event: 5.642 GC heap before
{Heap before GC invocations=11 (full 0):
 garbage-first heap   total 124928K, used 81263K [0x00000000a0800000, 0x0000000100000000)
  region size 1024K, 10 young (10240K), 1 survivors (1024K)
 Metaspace       used 15640K, committed 15872K, reserved 1064960K
  class space    used 1636K, committed 1728K, reserved 1048576K
}
Event: 5.649 GC heap after
{Heap after GC invocations=12 (full 0):
 garbage-first heap   total 124928K, used 71441K [0x00000000a0800000, 0x0000000100000000)
  region size 1024K, 2 young (2048K), 2 survivors (2048K)
 Metaspace       used 15640K, committed 15872K, reserved 1064960K
  class space    used 1636K, committed 1728K, reserved 1048576K
}

